{"code":"EAUTH","command":"API","level":"error","timestamp":"2023-04-24 01:14:40"}
{"code":"EENVELOPE","command":"RCPT TO","level":"error","rejected":["undefined"],"rejectedErrors":[{"code":"EENVELOPE","command":"RCPT TO","recipient":"undefined","response":"553-5.1.3 The recipient address <undefined> is not a valid RFC-5321 address.\n553-5.1.3 Learn more at\n553 5.1.3  https://support.google.com/mail/answer/6596 ef2-20020a0568701a8200b001802d3e181fsm4099401oab.14 - gsmtp","responseCode":553}],"response":"553-5.1.3 The recipient address <undefined> is not a valid RFC-5321 address.\n553-5.1.3 Learn more at\n553 5.1.3  https://support.google.com/mail/answer/6596 ef2-20020a0568701a8200b001802d3e181fsm4099401oab.14 - gsmtp","responseCode":553,"timestamp":"2023-04-24 01:16:57"}
{"code":"EENVELOPE","command":"RCPT TO","level":"error","rejected":["undefined"],"rejectedErrors":[{"code":"EENVELOPE","command":"RCPT TO","recipient":"undefined","response":"553-5.1.3 The recipient address <undefined> is not a valid RFC-5321 address.\n553-5.1.3 Learn more at\n553 5.1.3  https://support.google.com/mail/answer/6596 s21-20020a4a2d55000000b0054157801d51sm4385082oof.38 - gsmtp","responseCode":553}],"response":"553-5.1.3 The recipient address <undefined> is not a valid RFC-5321 address.\n553-5.1.3 Learn more at\n553 5.1.3  https://support.google.com/mail/answer/6596 s21-20020a4a2d55000000b0054157801d51sm4385082oof.38 - gsmtp","responseCode":553,"timestamp":"2023-04-24 01:31:22"}
{"code":"EENVELOPE","command":"RCPT TO","level":"error","rejected":["undefined"],"rejectedErrors":[{"code":"EENVELOPE","command":"RCPT TO","recipient":"undefined","response":"553-5.1.3 The recipient address <undefined> is not a valid RFC-5321 address.\n553-5.1.3 Learn more at\n553 5.1.3  https://support.google.com/mail/answer/6596 h7-20020a9d6a47000000b0069f1774cde8sm2539376otn.71 - gsmtp","responseCode":553}],"response":"553-5.1.3 The recipient address <undefined> is not a valid RFC-5321 address.\n553-5.1.3 Learn more at\n553 5.1.3  https://support.google.com/mail/answer/6596 h7-20020a9d6a47000000b0069f1774cde8sm2539376otn.71 - gsmtp","responseCode":553,"timestamp":"2023-04-24 01:37:36"}
{"code":"EENVELOPE","command":"RCPT TO","level":"error","rejected":["undefined"],"rejectedErrors":[{"code":"EENVELOPE","command":"RCPT TO","recipient":"undefined","response":"553-5.1.3 The recipient address <undefined> is not a valid RFC-5321 address.\n553-5.1.3 Learn more at\n553 5.1.3  https://support.google.com/mail/answer/6596 zf24-20020a0568716a9800b0017ae6741157sm4130144oab.4 - gsmtp","responseCode":553}],"response":"553-5.1.3 The recipient address <undefined> is not a valid RFC-5321 address.\n553-5.1.3 Learn more at\n553 5.1.3  https://support.google.com/mail/answer/6596 zf24-20020a0568716a9800b0017ae6741157sm4130144oab.4 - gsmtp","responseCode":553,"timestamp":"2023-04-24 01:40:05"}
{"level":"error","timestamp":"2023-04-24 18:54:53"}
{"level":"error","timestamp":"2023-04-24 19:00:28"}
{"level":"error","timestamp":"2023-04-25 00:40:58"}
{"level":"error","timestamp":"2023-04-25 00:45:56"}
{"level":"error","timestamp":"2023-04-25 10:58:07"}
{"level":"error","timestamp":"2023-04-25 11:19:46"}
{"level":"error","message":"AppenProduct Error: TypeError: Cannot read properties of undefined (reading 'getProduct')"}
{"level":"error","message":"AppenProduct Error: TypeError: Cannot read properties of undefined (reading 'getProduct')"}
{"level":"error","message":"AppenProduct Error: TypeError: Cannot read properties of undefined (reading 'getProduct')"}
{"level":"error","message":"AppenProduct Error: TypeError: Cannot read properties of undefined (reading 'getProduct')"}
{"level":"error","message":"AppenProduct Error: TypeError: Cannot read properties of undefined (reading 'getProduct')"}
{"level":"error","message":"AppenProduct Error: TypeError: Cannot read properties of undefined (reading 'getProduct')"}
{"level":"error","message":"AppenProduct Error: TypeError: Cannot read properties of undefined (reading 'getProduct')"}
{"level":"error","message":"AppenProduct Error: TypeError: Cannot read properties of undefined (reading 'getProduct')"}
{"level":"error","message":"AppenProduct Error: TypeError: this.model.getProduct is not a function"}
{"level":"error","message":"AppenProduct Error: TypeError: this.model.getProduct is not a function"}
{"level":"error","message":"AppenProduct Error: TypeError: Cannot read properties of undefined (reading 'getProduct')"}
{"level":"error","message":"AppenProduct Error: TypeError: this.model.getProduct is not a function"}
{"level":"error","message":"AppenProduct Error: TypeError: this.model.getProduct is not a function"}
{"level":"error","message":"AppenProduct Error: TypeError: Cannot read properties of undefined (reading 'getProduct')"}
{"level":"error","message":"AppenProduct Error: TypeError: Cannot read properties of undefined (reading 'getProduct')"}
{"level":"error","message":"AppenProduct Error: TypeError: Cannot read properties of undefined (reading 'getProduct')"}
{"level":"error","message":"AppenProduct Error: TypeError: Cannot read properties of undefined (reading 'getProduct')"}
{"level":"error","message":"AppenProduct Error: TypeError: Cannot read properties of undefined (reading 'getProduct')"}
{"level":"error","message":"AppenProduct Error: TypeError: Cannot read properties of undefined (reading 'getProduct')"}
{"level":"error","message":"AppenProduct Error: TypeError: Cannot read properties of undefined (reading 'getProduct')"}
{"level":"error","message":"AppenProduct Error: TypeError: Cannot read properties of undefined (reading 'getProduct')"}
{"level":"error","message":"AppenProduct Error: TypeError: Cannot read properties of undefined (reading 'getProduct')"}
{"level":"error","message":"AppenProduct Error: TypeError: Cannot read properties of undefined (reading 'getProduct')"}
{"level":"error","message":"AppenProduct Error: TypeError: Cannot read properties of undefined (reading 'getProduct')"}
{"level":"error","message":"AppenProduct Error: TypeError: Cannot read properties of undefined (reading 'getProduct')"}
{"level":"error","message":"AppenProduct Error: TypeError: Cannot read properties of undefined (reading 'getProduct')"}
{"level":"error","message":"AppenProduct Error: TypeError: Cannot read properties of undefined (reading 'getProduct')"}
{"level":"error","message":"AppenProduct Error: TypeError: Cannot read properties of undefined (reading 'getProduct')"}
{"level":"error","message":"AppenProduct Error: TypeError: this.model.getProduct is not a function"}
{"level":"error","timestamp":"2023-04-27 19:05:35"}
{"level":"error","message":"AppenProduct Error: TypeError: this.model.getProduct is not a function"}
{"level":"error","message":"AppenProduct Error: TypeError: this.model.getProduct is not a function"}
{"level":"error","message":"AppenProduct Error: TypeError: Cannot read properties of undefined (reading 'getProduct')"}
{"level":"error","message":"AppenProduct Error: TypeError: Cannot read properties of undefined (reading 'getProduct')"}
{"level":"error","message":"AppenProduct Error: TypeError: Cannot read properties of undefined (reading 'getProduct')"}
{"level":"error","message":"AppenProduct Error: TypeError: Cannot read properties of undefined (reading 'getProduct')"}
{"level":"error","message":"AppenProduct Error: TypeError: Cannot read properties of undefined (reading 'getProduct')"}
{"level":"error","message":"AppenProduct Error: TypeError: Cannot read properties of undefined (reading 'getProduct')"}
{"level":"error","message":"AppenProduct Error: TypeError: Cannot read properties of undefined (reading 'getProduct')"}
{"level":"error","message":"AppenProduct Error: TypeError: Cannot read properties of undefined (reading 'getProduct')"}
{"level":"error","message":"AppenProduct Error: TypeError: Cannot read properties of undefined (reading 'getProduct')"}
{"level":"error","message":"AppenProduct Error: TypeError: Cannot read properties of undefined (reading 'getProduct')"}
{"level":"error","message":"AppenProduct Error: TypeError: Cannot read properties of undefined (reading 'getProduct')"}
{"level":"error","message":"AppenProduct Error: TypeError: Cannot read properties of undefined (reading 'getProduct')"}
{"level":"error","message":"AppenProduct Error: TypeError: Cannot read properties of undefined (reading 'getProduct')","timestamp":"2023-04-27 20:16:17"}
{"level":"error","message":"AppenProduct Error: TypeError: Cannot read properties of undefined (reading 'getProduct')","timestamp":"2023-04-27 20:17:07"}
{"level":"error","message":"AppenProduct Error: TypeError: Cannot read properties of undefined (reading 'getProduct')","timestamp":"2023-04-27 20:18:58"}
{"level":"error","message":"AppenProduct Error: TypeError: Cannot read properties of undefined (reading 'getProduct')","timestamp":"2023-04-27 20:20:19"}
{"level":"error","message":"AppenProduct Error: TypeError: Cannot read properties of undefined (reading 'getProduct')","timestamp":"2023-04-27 20:32:09"}
{"level":"error","message":"AppenProduct Error: TypeError: Cannot read properties of undefined (reading 'getProduct')","timestamp":"2023-04-27 21:50:24"}
{"level":"error","message":"AppenProduct Error: TypeError: Cannot read properties of undefined (reading 'getProduct')","timestamp":"2023-04-27 21:51:02"}
{"level":"error","message":"AppenProduct Error: TypeError: Cannot read properties of undefined (reading 'getProduct')","timestamp":"2023-04-27 22:01:13"}
{"level":"error","message":"AppenProduct Error: TypeError: Cannot read properties of undefined (reading 'getProduct')","timestamp":"2023-04-27 22:30:04"}
{"level":"error","timestamp":"2023-04-27 22:35:22"}
{"level":"error","timestamp":"2023-04-27 22:35:52"}
{"level":"error","timestamp":"2023-04-27 23:40:52"}
{"level":"error"}
{"level":"error"}
{"level":"error"}
{"code":"EENVELOPE","command":"API","level":"error"}
{"level":"error"}
{"level":"error"}
{"level":"error"}
{"level":"error"}
{"level":"error"}
{"code":"EENVELOPE","command":"API","level":"error"}
{"level":"error"}
{"level":"error","message":"DeleteCartProduct Error: ReferenceError: id is not defined"}
{"level":"error","message":"DeleteCartProduct Error: ReferenceError: id is not defined"}
{"level":"error","message":"DeleteCartProduct Error: ReferenceError: id is not defined"}
{"level":"error","message":"DeleteCartProduct Error: ReferenceError: id is not defined"}
{"level":"error","message":"DeleteCartProduct Error: ReferenceError: id is not defined"}
{"level":"error"}
{"code":"EENVELOPE","command":"API","level":"error"}
{"code":"EENVELOPE","command":"API","level":"error"}
{"level":"error"}
{"level":"error"}
{"code":"EENVELOPE","command":"API","level":"error"}
{"code":"EENVELOPE","command":"API","level":"error"}
{"level":"error"}
{"code":"EENVELOPE","command":"API","level":"error"}
{"level":"error"}
{"code":"EENVELOPE","command":"API","level":"error"}
