{"level":"warn","message":"Route POST //api/carrito/8/productos/2 not implemented","timestamp":"2023-04-20 12:56:29"}
{"level":"warn","message":"Route GET /order not implemented","timestamp":"2023-04-20 21:53:40"}
{"level":"warn","message":"Route GET /orderSend not implemented","timestamp":"2023-04-20 22:41:29"}
{"level":"warn","message":"Route GET /order not implemented","timestamp":"2023-04-20 22:41:46"}
{"level":"warn","message":"Route GET /orderSend not implemented","timestamp":"2023-04-20 22:41:50"}
{"level":"warn","message":"Route GET /order not implemented","timestamp":"2023-04-20 22:42:07"}
{"level":"warn","message":"Route GET /order not implemented","timestamp":"2023-04-23 23:18:11"}
{"level":"warn","message":"Route GET /logout? not implemented"}
{"level":"warn","message":"Route GET /logout? not implemented"}
{"level":"error","message":"AppenProduct Error: TypeError: Cannot read properties of undefined (reading 'getProduct')"}
{"level":"error","message":"AppenProduct Error: TypeError: Cannot read properties of undefined (reading 'getProduct')"}
{"level":"warn","message":"Route GET /logout? not implemented"}
{"level":"warn","message":"Route GET /logout? not implemented"}
{"level":"warn","message":"Route GET /logout? not implemented"}
{"level":"error","message":"AppenProduct Error: TypeError: Cannot read properties of undefined (reading 'getProduct')"}
{"level":"error","message":"AppenProduct Error: TypeError: Cannot read properties of undefined (reading 'getProduct')"}
{"level":"warn","message":"Route GET /logout? not implemented"}
{"level":"error","message":"AppenProduct Error: TypeError: Cannot read properties of undefined (reading 'getProduct')"}
{"level":"error","message":"AppenProduct Error: TypeError: Cannot read properties of undefined (reading 'getProduct')"}
{"level":"error","message":"AppenProduct Error: TypeError: Cannot read properties of undefined (reading 'getProduct')"}
{"level":"error","message":"AppenProduct Error: TypeError: Cannot read properties of undefined (reading 'getProduct')"}
{"level":"error","message":"AppenProduct Error: TypeError: this.model.getProduct is not a function"}
{"level":"error","message":"AppenProduct Error: TypeError: this.model.getProduct is not a function"}
{"level":"error","message":"AppenProduct Error: TypeError: Cannot read properties of undefined (reading 'getProduct')"}
{"level":"error","message":"AppenProduct Error: TypeError: this.model.getProduct is not a function"}
{"level":"error","message":"AppenProduct Error: TypeError: this.model.getProduct is not a function"}
{"level":"error","message":"AppenProduct Error: TypeError: Cannot read properties of undefined (reading 'getProduct')"}
{"level":"error","message":"AppenProduct Error: TypeError: Cannot read properties of undefined (reading 'getProduct')"}
{"level":"error","message":"AppenProduct Error: TypeError: Cannot read properties of undefined (reading 'getProduct')"}
{"level":"error","message":"AppenProduct Error: TypeError: Cannot read properties of undefined (reading 'getProduct')"}
{"level":"warn","message":"Route GET /api/carrito/9 not implemented"}
{"level":"error","message":"AppenProduct Error: TypeError: Cannot read properties of undefined (reading 'getProduct')"}
{"level":"error","message":"AppenProduct Error: TypeError: Cannot read properties of undefined (reading 'getProduct')"}
{"level":"error","message":"AppenProduct Error: TypeError: Cannot read properties of undefined (reading 'getProduct')"}
{"level":"error","message":"AppenProduct Error: TypeError: Cannot read properties of undefined (reading 'getProduct')"}
{"level":"error","message":"AppenProduct Error: TypeError: Cannot read properties of undefined (reading 'getProduct')"}
{"level":"error","message":"AppenProduct Error: TypeError: Cannot read properties of undefined (reading 'getProduct')"}
{"level":"error","message":"AppenProduct Error: TypeError: Cannot read properties of undefined (reading 'getProduct')"}
{"level":"error","message":"AppenProduct Error: TypeError: Cannot read properties of undefined (reading 'getProduct')"}
{"level":"error","message":"AppenProduct Error: TypeError: Cannot read properties of undefined (reading 'getProduct')"}
{"level":"error","message":"AppenProduct Error: TypeError: Cannot read properties of undefined (reading 'getProduct')"}
{"level":"error","message":"AppenProduct Error: TypeError: Cannot read properties of undefined (reading 'getProduct')"}
{"level":"error","message":"AppenProduct Error: TypeError: this.model.getProduct is not a function"}
{"level":"error","message":"AppenProduct Error: TypeError: this.model.getProduct is not a function"}
{"level":"error","message":"AppenProduct Error: TypeError: this.model.getProduct is not a function"}
{"level":"error","message":"AppenProduct Error: TypeError: Cannot read properties of undefined (reading 'getProduct')"}
{"level":"error","message":"AppenProduct Error: TypeError: Cannot read properties of undefined (reading 'getProduct')"}
{"level":"error","message":"AppenProduct Error: TypeError: Cannot read properties of undefined (reading 'getProduct')"}
{"level":"error","message":"AppenProduct Error: TypeError: Cannot read properties of undefined (reading 'getProduct')"}
{"level":"error","message":"AppenProduct Error: TypeError: Cannot read properties of undefined (reading 'getProduct')"}
{"level":"error","message":"AppenProduct Error: TypeError: Cannot read properties of undefined (reading 'getProduct')"}
{"level":"error","message":"AppenProduct Error: TypeError: Cannot read properties of undefined (reading 'getProduct')"}
{"level":"error","message":"AppenProduct Error: TypeError: Cannot read properties of undefined (reading 'getProduct')"}
{"level":"error","message":"AppenProduct Error: TypeError: Cannot read properties of undefined (reading 'getProduct')"}
{"level":"error","message":"AppenProduct Error: TypeError: Cannot read properties of undefined (reading 'getProduct')"}
{"level":"error","message":"AppenProduct Error: TypeError: Cannot read properties of undefined (reading 'getProduct')"}
{"level":"error","message":"AppenProduct Error: TypeError: Cannot read properties of undefined (reading 'getProduct')"}
{"level":"error"}
{"level":"error"}
{"level":"error"}
{"code":"EENVELOPE","command":"API","level":"error"}
{"level":"warn","message":"Route GET /api/carrito/9 not implemented"}
{"level":"warn","message":"Route POST /register not implemented"}
{"level":"warn","message":"Route POST /register not implemented"}
{"level":"warn","message":"Route POST /register not implemented"}
{"level":"warn","message":"Route POST /register not implemented"}
{"level":"error"}
{"level":"error"}
{"level":"error"}
{"level":"error"}
{"level":"error"}
{"code":"EENVELOPE","command":"API","level":"error"}
{"level":"error"}
{"level":"error","message":"DeleteCartProduct Error: ReferenceError: id is not defined"}
{"level":"error","message":"DeleteCartProduct Error: ReferenceError: id is not defined"}
{"level":"error","message":"DeleteCartProduct Error: ReferenceError: id is not defined"}
{"level":"error","message":"DeleteCartProduct Error: ReferenceError: id is not defined"}
{"level":"error","message":"DeleteCartProduct Error: ReferenceError: id is not defined"}
{"level":"error"}
{"code":"EENVELOPE","command":"API","level":"error"}
{"code":"EENVELOPE","command":"API","level":"error"}
{"level":"error"}
{"level":"error"}
{"code":"EENVELOPE","command":"API","level":"error"}
{"level":"warn","message":"Route POST /logout not implemented"}
{"code":"EENVELOPE","command":"API","level":"error"}
{"level":"error"}
{"code":"EENVELOPE","command":"API","level":"error"}
{"level":"error"}
{"code":"EENVELOPE","command":"API","level":"error"}
{"code":"EENVELOPE","command":"API","level":"error"}
{"level":"error"}
{"code":"EENVELOPE","command":"API","level":"error"}
{"code":"EENVELOPE","command":"API","level":"error"}
{"level":"error"}
{"level":"error"}
{"level":"error"}
